[0.590s] Invoking command in '/home/hegel/Documents/GitHub/mod8-pon2/src/package': DEBUGINFOD_URLS=https://debuginfod.ubuntu.com PYTHONPATH=/home/hegel/Documents/GitHub/mod8-pon2/src/package/build/package/prefix_override:/home/hegel/Documents/GitHub/mod8-pon2/src/package/install/package/lib/python3.10/site-packages:${PYTHONPATH} _=/usr/bin/env /usr/bin/python3 setup.py egg_info --egg-base build/package build --build-base /home/hegel/Documents/GitHub/mod8-pon2/src/package/build/package/build install --record /home/hegel/Documents/GitHub/mod8-pon2/src/package/build/package/install.log --single-version-externally-managed
[0.755s] running egg_info
[0.756s] writing build/package/package.egg-info/PKG-INFO
[0.756s] writing dependency_links to build/package/package.egg-info/dependency_links.txt
[0.757s] writing entry points to build/package/package.egg-info/entry_points.txt
[0.757s] writing requirements to build/package/package.egg-info/requires.txt
[0.757s] writing top-level names to build/package/package.egg-info/top_level.txt
[0.759s] reading manifest file 'build/package/package.egg-info/SOURCES.txt'
[0.759s] writing manifest file 'build/package/package.egg-info/SOURCES.txt'
[0.759s] running build
[0.760s] running build_py
[0.760s] running install
[0.760s] /usr/lib/python3/dist-packages/setuptools/command/install.py:34: SetuptoolsDeprecationWarning: setup.py install is deprecated. Use build and pip and other standards-based tools.
[0.760s]   warnings.warn(
[0.760s] running install_lib
[0.761s] running install_data
[0.761s] running install_egg_info
[0.763s] removing '/home/hegel/Documents/GitHub/mod8-pon2/src/package/install/package/lib/python3.10/site-packages/package-0.0.0-py3.10.egg-info' (and everything under it)
[0.763s] Copying build/package/package.egg-info to /home/hegel/Documents/GitHub/mod8-pon2/src/package/install/package/lib/python3.10/site-packages/package-0.0.0-py3.10.egg-info
[0.763s] running install_scripts
[0.778s] Installing move script to /home/hegel/Documents/GitHub/mod8-pon2/src/package/install/package/lib/package
[0.778s] writing list of installed files to '/home/hegel/Documents/GitHub/mod8-pon2/src/package/build/package/install.log'
[0.793s] Invoked command in '/home/hegel/Documents/GitHub/mod8-pon2/src/package' returned '0': DEBUGINFOD_URLS=https://debuginfod.ubuntu.com PYTHONPATH=/home/hegel/Documents/GitHub/mod8-pon2/src/package/build/package/prefix_override:/home/hegel/Documents/GitHub/mod8-pon2/src/package/install/package/lib/python3.10/site-packages:${PYTHONPATH} _=/usr/bin/env /usr/bin/python3 setup.py egg_info --egg-base build/package build --build-base /home/hegel/Documents/GitHub/mod8-pon2/src/package/build/package/build install --record /home/hegel/Documents/GitHub/mod8-pon2/src/package/build/package/install.log --single-version-externally-managed
