-- Found ament_cmake: 1.3.5 (/opt/ros/humble/share/ament_cmake/cmake)
-- Override CMake install command with custom implementation using symlinks instead of copying resources
-- Found rclcpp: 16.0.6 (/opt/ros/humble/share/rclcpp/cmake)
-- Found rosidl_generator_c: 3.1.5 (/opt/ros/humble/share/rosidl_generator_c/cmake)
-- Found rosidl_adapter: 3.1.5 (/opt/ros/humble/share/rosidl_adapter/cmake)
-- Found rosidl_generator_cpp: 3.1.5 (/opt/ros/humble/share/rosidl_generator_cpp/cmake)
-- Using all available rosidl_typesupport_c: rosidl_typesupport_fastrtps_c;rosidl_typesupport_introspection_c
-- Using all available rosidl_typesupport_cpp: rosidl_typesupport_fastrtps_cpp;rosidl_typesupport_introspection_cpp
-- Found rmw_implementation_cmake: 6.1.1 (/opt/ros/humble/share/rmw_implementation_cmake/cmake)
-- Found rmw_cyclonedds_cpp: 1.3.4 (/opt/ros/humble/share/rmw_cyclonedds_cpp/cmake)
-- Using RMW implementation 'rmw_cyclonedds_cpp' as default
-- Found rclpy: 3.3.10 (/opt/ros/humble/share/rclpy/cmake)
-- Found nav2_bringup: 1.1.12 (/opt/ros/humble/share/nav2_bringup/cmake)
-- Found nav2_core: 1.1.12 (/opt/ros/humble/share/nav2_core/cmake)
-- Ensuring Eigen3 include directory is part of orocos-kdl CMake target
-- Found nav2_common: 1.1.12 (/opt/ros/humble/share/nav2_common/cmake)
-- Found nav2_planner: 1.1.12 (/opt/ros/humble/share/nav2_planner/cmake)
[31mCMake Error at CMakeLists.txt:12 (find_package):
  By not providing "Findnav2_recoveries.cmake" in CMAKE_MODULE_PATH this
  project has asked CMake to find a package configuration file provided by
  "nav2_recoveries", but CMake did not find one.

  Could not find a package configuration file provided by "nav2_recoveries"
  with any of the following names:

    nav2_recoveriesConfig.cmake
    nav2_recoveries-config.cmake

  Add the installation prefix of "nav2_recoveries" to CMAKE_PREFIX_PATH or
  set "nav2_recoveries_DIR" to a directory containing one of the above files.
  If "nav2_recoveries" provides a separate development package or SDK, be
  sure it has been installed.

[0m
-- Configuring incomplete, errors occurred!
See also "/home/hegel/Documents/GitHub/mod8-pon2/build/turtlebot3_nav_package/CMakeFiles/CMakeOutput.log".
