[0.554s] Invoking command in '/home/hegel/Documents/GitHub/mod8-pon2/src/package': DEBUGINFOD_URLS=https://debuginfod.ubuntu.com PYTHONPATH=/home/hegel/Documents/GitHub/mod8-pon2/src/package/build/package/prefix_override:/home/hegel/Documents/GitHub/mod8-pon2/src/package/install/package/lib/python3.10/site-packages:${PYTHONPATH} _=/usr/bin/env /usr/bin/python3 setup.py egg_info --egg-base build/package build --build-base /home/hegel/Documents/GitHub/mod8-pon2/src/package/build/package/build install --record /home/hegel/Documents/GitHub/mod8-pon2/src/package/build/package/install.log --single-version-externally-managed
[0.717s] running egg_info
[0.718s] creating build/package/package.egg-info
[0.718s] writing build/package/package.egg-info/PKG-INFO
[0.718s] writing dependency_links to build/package/package.egg-info/dependency_links.txt
[0.718s] writing entry points to build/package/package.egg-info/entry_points.txt
[0.718s] writing requirements to build/package/package.egg-info/requires.txt
[0.719s] writing top-level names to build/package/package.egg-info/top_level.txt
[0.719s] writing manifest file 'build/package/package.egg-info/SOURCES.txt'
[0.719s] reading manifest file 'build/package/package.egg-info/SOURCES.txt'
[0.720s] writing manifest file 'build/package/package.egg-info/SOURCES.txt'
[0.720s] running build
[0.720s] running build_py
[0.720s] creating /home/hegel/Documents/GitHub/mod8-pon2/src/package/build/package/build
[0.721s] creating /home/hegel/Documents/GitHub/mod8-pon2/src/package/build/package/build/lib
[0.721s] creating /home/hegel/Documents/GitHub/mod8-pon2/src/package/build/package/build/lib/package
[0.721s] copying package/__init__.py -> /home/hegel/Documents/GitHub/mod8-pon2/src/package/build/package/build/lib/package
[0.721s] copying package/move.py -> /home/hegel/Documents/GitHub/mod8-pon2/src/package/build/package/build/lib/package
[0.721s] /usr/lib/python3/dist-packages/setuptools/command/install.py:34: SetuptoolsDeprecationWarning: setup.py install is deprecated. Use build and pip and other standards-based tools.
[0.721s]   warnings.warn(
[0.721s] running install
[0.721s] running install_lib
[0.722s] creating /home/hegel/Documents/GitHub/mod8-pon2/src/package/install/package/lib/python3.10/site-packages/package
[0.722s] copying /home/hegel/Documents/GitHub/mod8-pon2/src/package/build/package/build/lib/package/__init__.py -> /home/hegel/Documents/GitHub/mod8-pon2/src/package/install/package/lib/python3.10/site-packages/package
[0.722s] copying /home/hegel/Documents/GitHub/mod8-pon2/src/package/build/package/build/lib/package/move.py -> /home/hegel/Documents/GitHub/mod8-pon2/src/package/install/package/lib/python3.10/site-packages/package
[0.722s] byte-compiling /home/hegel/Documents/GitHub/mod8-pon2/src/package/install/package/lib/python3.10/site-packages/package/__init__.py to __init__.cpython-310.pyc
[0.722s] byte-compiling /home/hegel/Documents/GitHub/mod8-pon2/src/package/install/package/lib/python3.10/site-packages/package/move.py to move.cpython-310.pyc
[0.723s] running install_data
[0.723s] creating /home/hegel/Documents/GitHub/mod8-pon2/src/package/install/package/share/ament_index
[0.723s] creating /home/hegel/Documents/GitHub/mod8-pon2/src/package/install/package/share/ament_index/resource_index
[0.723s] creating /home/hegel/Documents/GitHub/mod8-pon2/src/package/install/package/share/ament_index/resource_index/packages
[0.723s] copying resource/package -> /home/hegel/Documents/GitHub/mod8-pon2/src/package/install/package/share/ament_index/resource_index/packages
[0.723s] copying package.xml -> /home/hegel/Documents/GitHub/mod8-pon2/src/package/install/package/share/package
[0.723s] creating /home/hegel/Documents/GitHub/mod8-pon2/src/package/install/package/share/package/launch
[0.723s] running install_egg_info
[0.724s] Copying build/package/package.egg-info to /home/hegel/Documents/GitHub/mod8-pon2/src/package/install/package/lib/python3.10/site-packages/package-0.0.0-py3.10.egg-info
[0.725s] running install_scripts
[0.740s] Installing move script to /home/hegel/Documents/GitHub/mod8-pon2/src/package/install/package/lib/package
[0.740s] writing list of installed files to '/home/hegel/Documents/GitHub/mod8-pon2/src/package/build/package/install.log'
[0.755s] Invoked command in '/home/hegel/Documents/GitHub/mod8-pon2/src/package' returned '0': DEBUGINFOD_URLS=https://debuginfod.ubuntu.com PYTHONPATH=/home/hegel/Documents/GitHub/mod8-pon2/src/package/build/package/prefix_override:/home/hegel/Documents/GitHub/mod8-pon2/src/package/install/package/lib/python3.10/site-packages:${PYTHONPATH} _=/usr/bin/env /usr/bin/python3 setup.py egg_info --egg-base build/package build --build-base /home/hegel/Documents/GitHub/mod8-pon2/src/package/build/package/build install --record /home/hegel/Documents/GitHub/mod8-pon2/src/package/build/package/install.log --single-version-externally-managed
