[0.527s] Invoking command in '/home/hegel/Documents/GitHub/mod8-pon2/src/package': DEBUGINFOD_URLS=https://debuginfod.ubuntu.com PYTHONPATH=/home/hegel/Documents/GitHub/mod8-pon2/build/package/prefix_override:/home/hegel/Documents/GitHub/mod8-pon2/install/package/lib/python3.10/site-packages:${PYTHONPATH} _=/usr/bin/env /usr/bin/python3 setup.py egg_info --egg-base ../../build/package build --build-base /home/hegel/Documents/GitHub/mod8-pon2/build/package/build install --record /home/hegel/Documents/GitHub/mod8-pon2/build/package/install.log --single-version-externally-managed
[0.692s] running egg_info
[0.693s] writing ../../build/package/package.egg-info/PKG-INFO
[0.693s] writing dependency_links to ../../build/package/package.egg-info/dependency_links.txt
[0.693s] writing entry points to ../../build/package/package.egg-info/entry_points.txt
[0.694s] writing requirements to ../../build/package/package.egg-info/requires.txt
[0.694s] writing top-level names to ../../build/package/package.egg-info/top_level.txt
[0.696s] reading manifest file '../../build/package/package.egg-info/SOURCES.txt'
[0.697s] writing manifest file '../../build/package/package.egg-info/SOURCES.txt'
[0.697s] running build
[0.697s] running build_py
[0.697s] running install
[0.697s] /usr/lib/python3/dist-packages/setuptools/command/install.py:34: SetuptoolsDeprecationWarning: setup.py install is deprecated. Use build and pip and other standards-based tools.
[0.697s]   warnings.warn(
[0.697s] running install_lib
[0.698s] running install_data
[0.698s] running install_egg_info
[0.699s] removing '/home/hegel/Documents/GitHub/mod8-pon2/install/package/lib/python3.10/site-packages/package-0.0.0-py3.10.egg-info' (and everything under it)
[0.700s] Copying ../../build/package/package.egg-info to /home/hegel/Documents/GitHub/mod8-pon2/install/package/lib/python3.10/site-packages/package-0.0.0-py3.10.egg-info
[0.700s] running install_scripts
[0.714s] Installing move script to /home/hegel/Documents/GitHub/mod8-pon2/install/package/lib/package
[0.715s] writing list of installed files to '/home/hegel/Documents/GitHub/mod8-pon2/build/package/install.log'
[0.729s] Invoked command in '/home/hegel/Documents/GitHub/mod8-pon2/src/package' returned '0': DEBUGINFOD_URLS=https://debuginfod.ubuntu.com PYTHONPATH=/home/hegel/Documents/GitHub/mod8-pon2/build/package/prefix_override:/home/hegel/Documents/GitHub/mod8-pon2/install/package/lib/python3.10/site-packages:${PYTHONPATH} _=/usr/bin/env /usr/bin/python3 setup.py egg_info --egg-base ../../build/package build --build-base /home/hegel/Documents/GitHub/mod8-pon2/build/package/build install --record /home/hegel/Documents/GitHub/mod8-pon2/build/package/install.log --single-version-externally-managed
