[1.152s] Invoking command in '/home/hegel/Documents/GitHub/mod8-pon2/src/package': DEBUGINFOD_URLS=https://debuginfod.ubuntu.com PYTHONPATH=/home/hegel/Documents/GitHub/mod8-pon2/build/package/prefix_override:/home/hegel/Documents/GitHub/mod8-pon2/install/package/lib/python3.10/site-packages:${PYTHONPATH} _=/usr/bin/env /usr/bin/python3 setup.py egg_info --egg-base ../../build/package build --build-base /home/hegel/Documents/GitHub/mod8-pon2/build/package/build install --record /home/hegel/Documents/GitHub/mod8-pon2/build/package/install.log --single-version-externally-managed
[1.370s] running egg_info
[1.370s] creating ../../build/package/package.egg-info
[1.370s] writing ../../build/package/package.egg-info/PKG-INFO
[1.371s] writing dependency_links to ../../build/package/package.egg-info/dependency_links.txt
[1.371s] writing entry points to ../../build/package/package.egg-info/entry_points.txt
[1.371s] writing requirements to ../../build/package/package.egg-info/requires.txt
[1.371s] writing top-level names to ../../build/package/package.egg-info/top_level.txt
[1.371s] writing manifest file '../../build/package/package.egg-info/SOURCES.txt'
[1.375s] reading manifest file '../../build/package/package.egg-info/SOURCES.txt'
[1.376s] writing manifest file '../../build/package/package.egg-info/SOURCES.txt'
[1.376s] running build
[1.376s] running build_py
[1.377s] creating /home/hegel/Documents/GitHub/mod8-pon2/build/package/build
[1.377s] creating /home/hegel/Documents/GitHub/mod8-pon2/build/package/build/lib
[1.377s] creating /home/hegel/Documents/GitHub/mod8-pon2/build/package/build/lib/package
[1.377s] copying package/__init__.py -> /home/hegel/Documents/GitHub/mod8-pon2/build/package/build/lib/package
[1.377s] copying package/move.py -> /home/hegel/Documents/GitHub/mod8-pon2/build/package/build/lib/package
[1.378s] running install
[1.379s] /usr/lib/python3/dist-packages/setuptools/command/install.py:34: SetuptoolsDeprecationWarning: setup.py install is deprecated. Use build and pip and other standards-based tools.
[1.379s]   warnings.warn(
[1.379s] running install_lib
[1.381s] creating /home/hegel/Documents/GitHub/mod8-pon2/install/package/lib/python3.10/site-packages/package
[1.381s] copying /home/hegel/Documents/GitHub/mod8-pon2/build/package/build/lib/package/__init__.py -> /home/hegel/Documents/GitHub/mod8-pon2/install/package/lib/python3.10/site-packages/package
[1.381s] copying /home/hegel/Documents/GitHub/mod8-pon2/build/package/build/lib/package/move.py -> /home/hegel/Documents/GitHub/mod8-pon2/install/package/lib/python3.10/site-packages/package
[1.381s] byte-compiling /home/hegel/Documents/GitHub/mod8-pon2/install/package/lib/python3.10/site-packages/package/__init__.py to __init__.cpython-310.pyc
[1.382s] byte-compiling /home/hegel/Documents/GitHub/mod8-pon2/install/package/lib/python3.10/site-packages/package/move.py to move.cpython-310.pyc
[1.382s] running install_data
[1.383s] creating /home/hegel/Documents/GitHub/mod8-pon2/install/package/share/ament_index
[1.383s] creating /home/hegel/Documents/GitHub/mod8-pon2/install/package/share/ament_index/resource_index
[1.383s] creating /home/hegel/Documents/GitHub/mod8-pon2/install/package/share/ament_index/resource_index/packages
[1.383s] copying resource/package -> /home/hegel/Documents/GitHub/mod8-pon2/install/package/share/ament_index/resource_index/packages
[1.383s] copying package.xml -> /home/hegel/Documents/GitHub/mod8-pon2/install/package/share/package
[1.383s] creating /home/hegel/Documents/GitHub/mod8-pon2/install/package/share/package/launch
[1.383s] running install_egg_info
[1.385s] Copying ../../build/package/package.egg-info to /home/hegel/Documents/GitHub/mod8-pon2/install/package/lib/python3.10/site-packages/package-0.0.0-py3.10.egg-info
[1.386s] running install_scripts
[1.409s] Installing move script to /home/hegel/Documents/GitHub/mod8-pon2/install/package/lib/package
[1.409s] writing list of installed files to '/home/hegel/Documents/GitHub/mod8-pon2/build/package/install.log'
[1.444s] Invoked command in '/home/hegel/Documents/GitHub/mod8-pon2/src/package' returned '0': DEBUGINFOD_URLS=https://debuginfod.ubuntu.com PYTHONPATH=/home/hegel/Documents/GitHub/mod8-pon2/build/package/prefix_override:/home/hegel/Documents/GitHub/mod8-pon2/install/package/lib/python3.10/site-packages:${PYTHONPATH} _=/usr/bin/env /usr/bin/python3 setup.py egg_info --egg-base ../../build/package build --build-base /home/hegel/Documents/GitHub/mod8-pon2/build/package/build install --record /home/hegel/Documents/GitHub/mod8-pon2/build/package/install.log --single-version-externally-managed
