[1.407s] DEBUG:colcon:Command line arguments: ['/usr/bin/colcon', 'build']
[1.407s] DEBUG:colcon:Parsed command line arguments: Namespace(log_base=None, log_level=None, verb_name='build', build_base='build', install_base='install', merge_install=False, symlink_install=False, test_result_base=None, continue_on_error=False, executor='parallel', parallel_workers=12, event_handlers=None, ignore_user_meta=False, metas=['./colcon.meta'], base_paths=['.'], packages_ignore=None, packages_ignore_regex=None, paths=None, packages_up_to=None, packages_up_to_regex=None, packages_above=None, packages_above_and_dependencies=None, packages_above_depth=None, packages_select_by_dep=None, packages_skip_by_dep=None, packages_skip_up_to=None, packages_select_build_failed=False, packages_skip_build_finished=False, packages_select_test_failures=False, packages_skip_test_passed=False, packages_select=None, packages_skip=None, packages_select_regex=None, packages_skip_regex=None, packages_start=None, packages_end=None, allow_overriding=[], cmake_args=None, cmake_target=None, cmake_target_skip_unavailable=False, cmake_clean_cache=False, cmake_clean_first=False, cmake_force_configure=False, ament_cmake_args=None, catkin_cmake_args=None, catkin_skip_building_tests=False, verb_parser=<colcon_defaults.argument_parser.defaults.DefaultArgumentsDecorator object at 0x7f0370b85060>, verb_extension=<colcon_core.verb.build.BuildVerb object at 0x7f0370eefe20>, main=<bound method BuildVerb.main of <colcon_core.verb.build.BuildVerb object at 0x7f0370eefe20>>)
[1.528s] Level 1:colcon.colcon_core.package_discovery:discover_packages(colcon_meta) check parameters
[1.528s] Level 1:colcon.colcon_core.package_discovery:discover_packages(recursive) check parameters
[1.528s] Level 1:colcon.colcon_core.package_discovery:discover_packages(ignore) check parameters
[1.528s] Level 1:colcon.colcon_core.package_discovery:discover_packages(path) check parameters
[1.528s] Level 1:colcon.colcon_core.package_discovery:discover_packages(colcon_meta) discover
[1.528s] Level 1:colcon.colcon_core.package_discovery:discover_packages(recursive) discover
[1.528s] INFO:colcon.colcon_core.package_discovery:Crawling recursively for packages in '/home/hegel/Documents/GitHub/mod8-pon2'
[1.528s] Level 1:colcon.colcon_core.package_identification:_identify(.) by extensions ['ignore', 'ignore_ament_install']
[1.528s] Level 1:colcon.colcon_core.package_identification:_identify(.) by extension 'ignore'
[1.528s] Level 1:colcon.colcon_core.package_identification:_identify(.) by extension 'ignore_ament_install'
[1.529s] Level 1:colcon.colcon_core.package_identification:_identify(.) by extensions ['colcon_pkg']
[1.529s] Level 1:colcon.colcon_core.package_identification:_identify(.) by extension 'colcon_pkg'
[1.529s] Level 1:colcon.colcon_core.package_identification:_identify(.) by extensions ['colcon_meta']
[1.529s] Level 1:colcon.colcon_core.package_identification:_identify(.) by extension 'colcon_meta'
[1.529s] Level 1:colcon.colcon_core.package_identification:_identify(.) by extensions ['ros']
[1.529s] Level 1:colcon.colcon_core.package_identification:_identify(.) by extension 'ros'
[1.550s] DEBUG:colcon.colcon_core.package_identification:Failed to parse potential ROS package manifest in'.': Error(s) in package './package.xml':
Package 'turtlebot3_nav_package' must declare at least one maintainer
[1.550s] Level 1:colcon.colcon_core.package_identification:_identify(.) by extensions ['cmake', 'python']
[1.550s] Level 1:colcon.colcon_core.package_identification:_identify(.) by extension 'cmake'
[1.560s] Level 1:colcon.colcon_core.package_identification:_identify(.) by extension 'python'
[1.560s] DEBUG:colcon.colcon_core.package_identification:Package '.' with type 'cmake' and name 'turtlebot3_nav_package'
[1.560s] Level 1:colcon.colcon_core.package_discovery:discover_packages(recursive) using defaults
[1.560s] Level 1:colcon.colcon_core.package_discovery:discover_packages(ignore) discover
[1.560s] Level 1:colcon.colcon_core.package_discovery:discover_packages(ignore) using defaults
[1.560s] Level 1:colcon.colcon_core.package_discovery:discover_packages(path) discover
[1.560s] Level 1:colcon.colcon_core.package_discovery:discover_packages(path) using defaults
[1.693s] Level 1:colcon.colcon_core.package_discovery:discover_packages(prefix_path) check parameters
[1.693s] Level 1:colcon.colcon_core.package_discovery:discover_packages(prefix_path) discover
[1.733s] DEBUG:colcon.colcon_installed_package_information.package_discovery:Found 1 installed packages in /home/hegel/turtlebot3_ws/install
[1.750s] DEBUG:colcon.colcon_installed_package_information.package_discovery:Found 380 installed packages in /opt/ros/humble
[1.751s] Level 1:colcon.colcon_core.package_discovery:discover_packages(prefix_path) using defaults
[1.873s] Level 5:colcon.colcon_core.verb:set package 'turtlebot3_nav_package' build argument 'cmake_args' from command line to 'None'
[1.873s] Level 5:colcon.colcon_core.verb:set package 'turtlebot3_nav_package' build argument 'cmake_target' from command line to 'None'
[1.873s] Level 5:colcon.colcon_core.verb:set package 'turtlebot3_nav_package' build argument 'cmake_target_skip_unavailable' from command line to 'False'
[1.873s] Level 5:colcon.colcon_core.verb:set package 'turtlebot3_nav_package' build argument 'cmake_clean_cache' from command line to 'False'
[1.873s] Level 5:colcon.colcon_core.verb:set package 'turtlebot3_nav_package' build argument 'cmake_clean_first' from command line to 'False'
[1.873s] Level 5:colcon.colcon_core.verb:set package 'turtlebot3_nav_package' build argument 'cmake_force_configure' from command line to 'False'
[1.873s] Level 5:colcon.colcon_core.verb:set package 'turtlebot3_nav_package' build argument 'ament_cmake_args' from command line to 'None'
[1.873s] Level 5:colcon.colcon_core.verb:set package 'turtlebot3_nav_package' build argument 'catkin_cmake_args' from command line to 'None'
[1.873s] Level 5:colcon.colcon_core.verb:set package 'turtlebot3_nav_package' build argument 'catkin_skip_building_tests' from command line to 'False'
[1.873s] DEBUG:colcon.colcon_core.verb:Building package 'turtlebot3_nav_package' with the following arguments: {'ament_cmake_args': None, 'build_base': '/home/hegel/Documents/GitHub/mod8-pon2/build/turtlebot3_nav_package', 'catkin_cmake_args': None, 'catkin_skip_building_tests': False, 'cmake_args': None, 'cmake_clean_cache': False, 'cmake_clean_first': False, 'cmake_force_configure': False, 'cmake_target': None, 'cmake_target_skip_unavailable': False, 'install_base': '/home/hegel/Documents/GitHub/mod8-pon2/install/turtlebot3_nav_package', 'merge_install': False, 'path': '/home/hegel/Documents/GitHub/mod8-pon2', 'symlink_install': False, 'test_result_base': None}
[1.888s] INFO:colcon.colcon_core.executor:Executing jobs using 'parallel' executor
[1.919s] DEBUG:colcon.colcon_parallel_executor.executor.parallel:run_until_complete
[1.920s] INFO:colcon.colcon_cmake.task.cmake.build:Building CMake package in '/home/hegel/Documents/GitHub/mod8-pon2'
[1.942s] INFO:colcon.colcon_core.plugin_system:Skipping extension 'colcon_core.shell.bat': Not used on non-Windows systems
[1.943s] INFO:colcon.colcon_core.shell:Skip shell extension 'powershell' for command environment: Not usable outside of PowerShell
[1.943s] DEBUG:colcon.colcon_core.shell:Skip shell extension 'dsv' for command environment
[2.014s] DEBUG:colcon.colcon_core.event_handler.log_command:Invoking command in '/home/hegel/Documents/GitHub/mod8-pon2/build/turtlebot3_nav_package': DEBUGINFOD_URLS=https://debuginfod.ubuntu.com _=/usr/bin/env /usr/bin/cmake /home/hegel/Documents/GitHub/mod8-pon2 -DCMAKE_INSTALL_PREFIX=/home/hegel/Documents/GitHub/mod8-pon2/install/turtlebot3_nav_package
[9.215s] DEBUG:colcon.colcon_core.event_handler.log_command:Invoked command in '/home/hegel/Documents/GitHub/mod8-pon2/build/turtlebot3_nav_package' returned '1': DEBUGINFOD_URLS=https://debuginfod.ubuntu.com _=/usr/bin/env /usr/bin/cmake /home/hegel/Documents/GitHub/mod8-pon2 -DCMAKE_INSTALL_PREFIX=/home/hegel/Documents/GitHub/mod8-pon2/install/turtlebot3_nav_package
[9.225s] DEBUG:colcon.colcon_parallel_executor.executor.parallel:closing loop
[9.225s] DEBUG:colcon.colcon_parallel_executor.executor.parallel:loop closed
[9.225s] DEBUG:colcon.colcon_parallel_executor.executor.parallel:run_until_complete finished with '1'
[9.225s] DEBUG:colcon.colcon_core.event_reactor:joining thread
[9.254s] INFO:colcon.colcon_core.plugin_system:Skipping extension 'colcon_notification.desktop_notification.terminal_notifier': Not used on non-Darwin systems
[9.254s] INFO:colcon.colcon_core.plugin_system:Skipping extension 'colcon_notification.desktop_notification.win32': Not used on non-Windows systems
[9.254s] INFO:colcon.colcon_notification.desktop_notification:Sending desktop notification using 'notify2'
[9.270s] DEBUG:colcon.colcon_core.event_reactor:joined thread
[9.287s] INFO:colcon.colcon_core.shell:Creating prefix script '/home/hegel/Documents/GitHub/mod8-pon2/install/local_setup.ps1'
[9.289s] INFO:colcon.colcon_core.shell:Creating prefix util module '/home/hegel/Documents/GitHub/mod8-pon2/install/_local_setup_util_ps1.py'
[9.294s] INFO:colcon.colcon_core.shell:Creating prefix chain script '/home/hegel/Documents/GitHub/mod8-pon2/install/setup.ps1'
[9.311s] INFO:colcon.colcon_core.shell:Creating prefix script '/home/hegel/Documents/GitHub/mod8-pon2/install/local_setup.sh'
[9.316s] INFO:colcon.colcon_core.shell:Creating prefix util module '/home/hegel/Documents/GitHub/mod8-pon2/install/_local_setup_util_sh.py'
[9.317s] INFO:colcon.colcon_core.shell:Creating prefix chain script '/home/hegel/Documents/GitHub/mod8-pon2/install/setup.sh'
[9.334s] INFO:colcon.colcon_core.shell:Creating prefix script '/home/hegel/Documents/GitHub/mod8-pon2/install/local_setup.bash'
[9.336s] INFO:colcon.colcon_core.shell:Creating prefix chain script '/home/hegel/Documents/GitHub/mod8-pon2/install/setup.bash'
[9.352s] INFO:colcon.colcon_core.shell:Creating prefix script '/home/hegel/Documents/GitHub/mod8-pon2/install/local_setup.zsh'
[9.353s] INFO:colcon.colcon_core.shell:Creating prefix chain script '/home/hegel/Documents/GitHub/mod8-pon2/install/setup.zsh'
