running egg_info
writing ../../build/package/package.egg-info/PKG-INFO
writing dependency_links to ../../build/package/package.egg-info/dependency_links.txt
writing entry points to ../../build/package/package.egg-info/entry_points.txt
writing requirements to ../../build/package/package.egg-info/requires.txt
writing top-level names to ../../build/package/package.egg-info/top_level.txt
reading manifest file '../../build/package/package.egg-info/SOURCES.txt'
writing manifest file '../../build/package/package.egg-info/SOURCES.txt'
running build
running build_py
copying package/move.py -> /home/hegel/Documents/GitHub/mod8-pon2/build/package/build/lib/package
running install
running install_lib
copying /home/hegel/Documents/GitHub/mod8-pon2/build/package/build/lib/package/move.py -> /home/hegel/Documents/GitHub/mod8-pon2/install/package/lib/python3.10/site-packages/package
byte-compiling /home/hegel/Documents/GitHub/mod8-pon2/install/package/lib/python3.10/site-packages/package/move.py to move.cpython-310.pyc
running install_data
running install_egg_info
removing '/home/hegel/Documents/GitHub/mod8-pon2/install/package/lib/python3.10/site-packages/package-0.0.0-py3.10.egg-info' (and everything under it)
Copying ../../build/package/package.egg-info to /home/hegel/Documents/GitHub/mod8-pon2/install/package/lib/python3.10/site-packages/package-0.0.0-py3.10.egg-info
running install_scripts
Installing move script to /home/hegel/Documents/GitHub/mod8-pon2/install/package/lib/package
writing list of installed files to '/home/hegel/Documents/GitHub/mod8-pon2/build/package/install.log'
