[0.056s] Invoking command in '/home/hegel/Documents/GitHub/mod8-pon2/build/turtlebot3_nav_package': CMAKE_PREFIX_PATH=${CMAKE_PREFIX_PATH}:/opt/ros/humble DEBUGINFOD_URLS=https://debuginfod.ubuntu.com _=/usr/bin/env /usr/bin/cmake /home/hegel/Documents/GitHub/mod8-pon2 -DAMENT_CMAKE_SYMLINK_INSTALL=1 -DCMAKE_INSTALL_PREFIX=/home/hegel/Documents/GitHub/mod8-pon2/install/turtlebot3_nav_package
[1.214s] -- The C compiler identification is GNU 11.4.0
[2.074s] -- The CXX compiler identification is GNU 11.4.0
[2.092s] -- Detecting C compiler ABI info
[2.219s] -- Detecting C compiler ABI info - done
[2.224s] -- Check for working C compiler: /usr/bin/cc - skipped
[2.226s] -- Detecting C compile features
[2.229s] -- Detecting C compile features - done
[2.234s] -- Detecting CXX compiler ABI info
[2.323s] -- Detecting CXX compiler ABI info - done
[2.329s] -- Check for working CXX compiler: /usr/bin/c++ - skipped
[2.329s] -- Detecting CXX compile features
[2.329s] -- Detecting CXX compile features - done
[2.337s] -- Found ament_cmake: 1.3.5 (/opt/ros/humble/share/ament_cmake/cmake)
[2.471s] -- Found Python3: /usr/bin/python3.10 (found version "3.10.12") found components: Interpreter 
[2.538s] -- Override CMake install command with custom implementation using symlinks instead of copying resources
[2.603s] -- Found rclcpp: 16.0.6 (/opt/ros/humble/share/rclcpp/cmake)
[2.691s] -- Found rosidl_generator_c: 3.1.5 (/opt/ros/humble/share/rosidl_generator_c/cmake)
[2.700s] -- Found rosidl_adapter: 3.1.5 (/opt/ros/humble/share/rosidl_adapter/cmake)
[2.717s] -- Found rosidl_generator_cpp: 3.1.5 (/opt/ros/humble/share/rosidl_generator_cpp/cmake)
[2.747s] -- Using all available rosidl_typesupport_c: rosidl_typesupport_fastrtps_c;rosidl_typesupport_introspection_c
[2.777s] -- Using all available rosidl_typesupport_cpp: rosidl_typesupport_fastrtps_cpp;rosidl_typesupport_introspection_cpp
[2.883s] -- Found rmw_implementation_cmake: 6.1.1 (/opt/ros/humble/share/rmw_implementation_cmake/cmake)
[2.892s] -- Found rmw_cyclonedds_cpp: 1.3.4 (/opt/ros/humble/share/rmw_cyclonedds_cpp/cmake)
[2.959s] -- Using RMW implementation 'rmw_cyclonedds_cpp' as default
[2.987s] -- Looking for pthread.h
[3.077s] -- Looking for pthread.h - found
[3.078s] -- Performing Test CMAKE_HAVE_LIBC_PTHREAD
[3.133s] -- Performing Test CMAKE_HAVE_LIBC_PTHREAD - Success
[3.134s] -- Found Threads: TRUE  
[3.338s] -- Found rclpy: 3.3.10 (/opt/ros/humble/share/rclpy/cmake)
[3.340s] -- Found nav2_bringup: 1.1.12 (/opt/ros/humble/share/nav2_bringup/cmake)
[3.343s] -- Found nav2_core: 1.1.12 (/opt/ros/humble/share/nav2_core/cmake)
[4.480s] -- Found Eigen3: TRUE (found version "3.4.0") 
[4.480s] -- Ensuring Eigen3 include directory is part of orocos-kdl CMake target
[6.013s] -- Found nav2_common: 1.1.12 (/opt/ros/humble/share/nav2_common/cmake)
[6.018s] -- Found nav2_planner: 1.1.12 (/opt/ros/humble/share/nav2_planner/cmake)
[7.973s] [31mCMake Error at CMakeLists.txt:12 (find_package):
[7.973s]   By not providing "Findnav2_recoveries.cmake" in CMAKE_MODULE_PATH this
[7.973s]   project has asked CMake to find a package configuration file provided by
[7.973s]   "nav2_recoveries", but CMake did not find one.
[7.973s] 
[7.973s]   Could not find a package configuration file provided by "nav2_recoveries"
[7.973s]   with any of the following names:
[7.973s] 
[7.973s]     nav2_recoveriesConfig.cmake
[7.973s]     nav2_recoveries-config.cmake
[7.973s] 
[7.973s]   Add the installation prefix of "nav2_recoveries" to CMAKE_PREFIX_PATH or
[7.973s]   set "nav2_recoveries_DIR" to a directory containing one of the above files.
[7.973s]   If "nav2_recoveries" provides a separate development package or SDK, be
[7.974s]   sure it has been installed.
[7.974s] 
[7.974s] [0m
[7.974s] -- Configuring incomplete, errors occurred!
[7.974s] See also "/home/hegel/Documents/GitHub/mod8-pon2/build/turtlebot3_nav_package/CMakeFiles/CMakeOutput.log".
[7.979s] Invoked command in '/home/hegel/Documents/GitHub/mod8-pon2/build/turtlebot3_nav_package' returned '1': CMAKE_PREFIX_PATH=${CMAKE_PREFIX_PATH}:/opt/ros/humble DEBUGINFOD_URLS=https://debuginfod.ubuntu.com _=/usr/bin/env /usr/bin/cmake /home/hegel/Documents/GitHub/mod8-pon2 -DAMENT_CMAKE_SYMLINK_INSTALL=1 -DCMAKE_INSTALL_PREFIX=/home/hegel/Documents/GitHub/mod8-pon2/install/turtlebot3_nav_package
