[0.053s] Invoking command in '/home/hegel/Documents/GitHub/mod8-pon2/build/turtlebot3_nav_package': CMAKE_PREFIX_PATH=${CMAKE_PREFIX_PATH}:/opt/ros/humble DEBUGINFOD_URLS=https://debuginfod.ubuntu.com _=/usr/bin/env /usr/bin/cmake /home/hegel/Documents/GitHub/mod8-pon2 -DAMENT_CMAKE_SYMLINK_INSTALL=1 -DCMAKE_INSTALL_PREFIX=/home/hegel/Documents/GitHub/mod8-pon2/install/turtlebot3_nav_package
[0.061s] -- Found ament_cmake: 1.3.5 (/opt/ros/humble/share/ament_cmake/cmake)
[0.152s] -- Override CMake install command with custom implementation using symlinks instead of copying resources
[0.158s] -- Found rclcpp: 16.0.6 (/opt/ros/humble/share/rclcpp/cmake)
[0.264s] -- Found rosidl_generator_c: 3.1.5 (/opt/ros/humble/share/rosidl_generator_c/cmake)
[0.265s] -- Found rosidl_adapter: 3.1.5 (/opt/ros/humble/share/rosidl_adapter/cmake)
[0.270s] -- Found rosidl_generator_cpp: 3.1.5 (/opt/ros/humble/share/rosidl_generator_cpp/cmake)
[0.278s] -- Using all available rosidl_typesupport_c: rosidl_typesupport_fastrtps_c;rosidl_typesupport_introspection_c
[0.289s] -- Using all available rosidl_typesupport_cpp: rosidl_typesupport_fastrtps_cpp;rosidl_typesupport_introspection_cpp
[0.337s] -- Found rmw_implementation_cmake: 6.1.1 (/opt/ros/humble/share/rmw_implementation_cmake/cmake)
[0.339s] -- Found rmw_cyclonedds_cpp: 1.3.4 (/opt/ros/humble/share/rmw_cyclonedds_cpp/cmake)
[0.372s] -- Using RMW implementation 'rmw_cyclonedds_cpp' as default
[0.495s] -- Found rclpy: 3.3.10 (/opt/ros/humble/share/rclpy/cmake)
[0.495s] -- Found nav2_bringup: 1.1.12 (/opt/ros/humble/share/nav2_bringup/cmake)
[0.495s] -- Found nav2_core: 1.1.12 (/opt/ros/humble/share/nav2_core/cmake)
[1.277s] -- Ensuring Eigen3 include directory is part of orocos-kdl CMake target
[2.711s] -- Found nav2_common: 1.1.12 (/opt/ros/humble/share/nav2_common/cmake)
[2.711s] -- Found nav2_planner: 1.1.12 (/opt/ros/humble/share/nav2_planner/cmake)
[4.686s] [31mCMake Error at CMakeLists.txt:12 (find_package):
[4.687s]   By not providing "Findnav2_recoveries.cmake" in CMAKE_MODULE_PATH this
[4.687s]   project has asked CMake to find a package configuration file provided by
[4.687s]   "nav2_recoveries", but CMake did not find one.
[4.687s] 
[4.687s]   Could not find a package configuration file provided by "nav2_recoveries"
[4.687s]   with any of the following names:
[4.687s] 
[4.687s]     nav2_recoveriesConfig.cmake
[4.687s]     nav2_recoveries-config.cmake
[4.687s] 
[4.687s]   Add the installation prefix of "nav2_recoveries" to CMAKE_PREFIX_PATH or
[4.687s]   set "nav2_recoveries_DIR" to a directory containing one of the above files.
[4.687s]   If "nav2_recoveries" provides a separate development package or SDK, be
[4.687s]   sure it has been installed.
[4.687s] 
[4.687s] [0m
[4.687s] -- Configuring incomplete, errors occurred!
[4.688s] See also "/home/hegel/Documents/GitHub/mod8-pon2/build/turtlebot3_nav_package/CMakeFiles/CMakeOutput.log".
[4.692s] Invoked command in '/home/hegel/Documents/GitHub/mod8-pon2/build/turtlebot3_nav_package' returned '1': CMAKE_PREFIX_PATH=${CMAKE_PREFIX_PATH}:/opt/ros/humble DEBUGINFOD_URLS=https://debuginfod.ubuntu.com _=/usr/bin/env /usr/bin/cmake /home/hegel/Documents/GitHub/mod8-pon2 -DAMENT_CMAKE_SYMLINK_INSTALL=1 -DCMAKE_INSTALL_PREFIX=/home/hegel/Documents/GitHub/mod8-pon2/install/turtlebot3_nav_package
