[0.835s] DEBUG:colcon:Command line arguments: ['/usr/bin/colcon', 'build']
[0.835s] DEBUG:colcon:Parsed command line arguments: Namespace(log_base=None, log_level=None, verb_name='build', build_base='build', install_base='install', merge_install=False, symlink_install=False, test_result_base=None, continue_on_error=False, executor='parallel', parallel_workers=12, event_handlers=None, ignore_user_meta=False, metas=['./colcon.meta'], base_paths=['.'], packages_ignore=None, packages_ignore_regex=None, paths=None, packages_up_to=None, packages_up_to_regex=None, packages_above=None, packages_above_and_dependencies=None, packages_above_depth=None, packages_select_by_dep=None, packages_skip_by_dep=None, packages_skip_up_to=None, packages_select_build_failed=False, packages_skip_build_finished=False, packages_select_test_failures=False, packages_skip_test_passed=False, packages_select=None, packages_skip=None, packages_select_regex=None, packages_skip_regex=None, packages_start=None, packages_end=None, allow_overriding=[], cmake_args=None, cmake_target=None, cmake_target_skip_unavailable=False, cmake_clean_cache=False, cmake_clean_first=False, cmake_force_configure=False, ament_cmake_args=None, catkin_cmake_args=None, catkin_skip_building_tests=False, verb_parser=<colcon_defaults.argument_parser.defaults.DefaultArgumentsDecorator object at 0x7fd99a899090>, verb_extension=<colcon_core.verb.build.BuildVerb object at 0x7fd99aa03e20>, main=<bound method BuildVerb.main of <colcon_core.verb.build.BuildVerb object at 0x7fd99aa03e20>>)
[0.872s] Level 1:colcon.colcon_core.package_discovery:discover_packages(colcon_meta) check parameters
[0.873s] Level 1:colcon.colcon_core.package_discovery:discover_packages(recursive) check parameters
[0.873s] Level 1:colcon.colcon_core.package_discovery:discover_packages(ignore) check parameters
[0.873s] Level 1:colcon.colcon_core.package_discovery:discover_packages(path) check parameters
[0.873s] Level 1:colcon.colcon_core.package_discovery:discover_packages(colcon_meta) discover
[0.873s] Level 1:colcon.colcon_core.package_discovery:discover_packages(recursive) discover
[0.873s] INFO:colcon.colcon_core.package_discovery:Crawling recursively for packages in '/home/hegel/Documents/GitHub/mod8-pon2/src/package'
[0.873s] Level 1:colcon.colcon_core.package_identification:_identify(.) by extensions ['ignore', 'ignore_ament_install']
[0.873s] Level 1:colcon.colcon_core.package_identification:_identify(.) by extension 'ignore'
[0.873s] Level 1:colcon.colcon_core.package_identification:_identify(.) by extension 'ignore_ament_install'
[0.873s] Level 1:colcon.colcon_core.package_identification:_identify(.) by extensions ['colcon_pkg']
[0.873s] Level 1:colcon.colcon_core.package_identification:_identify(.) by extension 'colcon_pkg'
[0.873s] Level 1:colcon.colcon_core.package_identification:_identify(.) by extensions ['colcon_meta']
[0.873s] Level 1:colcon.colcon_core.package_identification:_identify(.) by extension 'colcon_meta'
[0.873s] Level 1:colcon.colcon_core.package_identification:_identify(.) by extensions ['ros']
[0.873s] Level 1:colcon.colcon_core.package_identification:_identify(.) by extension 'ros'
[0.885s] DEBUG:colcon.colcon_core.package_identification:Package '.' with type 'ros.ament_python' and name 'package'
[0.885s] Level 1:colcon.colcon_core.package_discovery:discover_packages(recursive) using defaults
[0.885s] Level 1:colcon.colcon_core.package_discovery:discover_packages(ignore) discover
[0.885s] Level 1:colcon.colcon_core.package_discovery:discover_packages(ignore) using defaults
[0.885s] Level 1:colcon.colcon_core.package_discovery:discover_packages(path) discover
[0.885s] Level 1:colcon.colcon_core.package_discovery:discover_packages(path) using defaults
[0.963s] Level 1:colcon.colcon_core.package_discovery:discover_packages(prefix_path) check parameters
[0.963s] Level 1:colcon.colcon_core.package_discovery:discover_packages(prefix_path) discover
[0.990s] DEBUG:colcon.colcon_installed_package_information.package_discovery:Found 1 installed packages in /home/hegel/turtlebot3_ws/install
[1.004s] DEBUG:colcon.colcon_installed_package_information.package_discovery:Found 380 installed packages in /opt/ros/humble
[1.006s] Level 1:colcon.colcon_core.package_discovery:discover_packages(prefix_path) using defaults
[1.093s] Level 5:colcon.colcon_core.verb:set package 'package' build argument 'cmake_args' from command line to 'None'
[1.093s] Level 5:colcon.colcon_core.verb:set package 'package' build argument 'cmake_target' from command line to 'None'
[1.093s] Level 5:colcon.colcon_core.verb:set package 'package' build argument 'cmake_target_skip_unavailable' from command line to 'False'
[1.093s] Level 5:colcon.colcon_core.verb:set package 'package' build argument 'cmake_clean_cache' from command line to 'False'
[1.093s] Level 5:colcon.colcon_core.verb:set package 'package' build argument 'cmake_clean_first' from command line to 'False'
[1.093s] Level 5:colcon.colcon_core.verb:set package 'package' build argument 'cmake_force_configure' from command line to 'False'
[1.093s] Level 5:colcon.colcon_core.verb:set package 'package' build argument 'ament_cmake_args' from command line to 'None'
[1.093s] Level 5:colcon.colcon_core.verb:set package 'package' build argument 'catkin_cmake_args' from command line to 'None'
[1.093s] Level 5:colcon.colcon_core.verb:set package 'package' build argument 'catkin_skip_building_tests' from command line to 'False'
[1.093s] DEBUG:colcon.colcon_core.verb:Building package 'package' with the following arguments: {'ament_cmake_args': None, 'build_base': '/home/hegel/Documents/GitHub/mod8-pon2/src/package/build/package', 'catkin_cmake_args': None, 'catkin_skip_building_tests': False, 'cmake_args': None, 'cmake_clean_cache': False, 'cmake_clean_first': False, 'cmake_force_configure': False, 'cmake_target': None, 'cmake_target_skip_unavailable': False, 'install_base': '/home/hegel/Documents/GitHub/mod8-pon2/src/package/install/package', 'merge_install': False, 'path': '/home/hegel/Documents/GitHub/mod8-pon2/src/package', 'symlink_install': False, 'test_result_base': None}
[1.106s] INFO:colcon.colcon_core.executor:Executing jobs using 'parallel' executor
[1.128s] DEBUG:colcon.colcon_parallel_executor.executor.parallel:run_until_complete
[1.128s] INFO:colcon.colcon_ros.task.ament_python.build:Building ROS package in '/home/hegel/Documents/GitHub/mod8-pon2/src/package' with build type 'ament_python'
[1.128s] Level 1:colcon.colcon_core.shell:create_environment_hook('package', 'ament_prefix_path')
[1.144s] INFO:colcon.colcon_core.plugin_system:Skipping extension 'colcon_core.shell.bat': Not used on non-Windows systems
[1.144s] INFO:colcon.colcon_core.shell:Creating environment hook '/home/hegel/Documents/GitHub/mod8-pon2/src/package/install/package/share/package/hook/ament_prefix_path.ps1'
[1.145s] INFO:colcon.colcon_core.shell:Creating environment descriptor '/home/hegel/Documents/GitHub/mod8-pon2/src/package/install/package/share/package/hook/ament_prefix_path.dsv'
[1.146s] INFO:colcon.colcon_core.shell:Creating environment hook '/home/hegel/Documents/GitHub/mod8-pon2/src/package/install/package/share/package/hook/ament_prefix_path.sh'
[1.159s] INFO:colcon.colcon_core.shell:Skip shell extension 'powershell' for command environment: Not usable outside of PowerShell
[1.159s] DEBUG:colcon.colcon_core.shell:Skip shell extension 'dsv' for command environment
[1.409s] INFO:colcon.colcon_core.task.python.build:Building Python package in '/home/hegel/Documents/GitHub/mod8-pon2/src/package'
[1.425s] INFO:colcon.colcon_core.shell:Skip shell extension 'powershell' for command environment: Not usable outside of PowerShell
[1.425s] DEBUG:colcon.colcon_core.shell:Skip shell extension 'dsv' for command environment
[1.754s] DEBUG:colcon.colcon_core.event_handler.log_command:Invoking command in '/home/hegel/Documents/GitHub/mod8-pon2/src/package': DEBUGINFOD_URLS=https://debuginfod.ubuntu.com PYTHONPATH=/home/hegel/Documents/GitHub/mod8-pon2/src/package/build/package/prefix_override:/home/hegel/Documents/GitHub/mod8-pon2/src/package/install/package/lib/python3.10/site-packages:${PYTHONPATH} _=/usr/bin/env /usr/bin/python3 setup.py egg_info --egg-base build/package build --build-base /home/hegel/Documents/GitHub/mod8-pon2/src/package/build/package/build install --record /home/hegel/Documents/GitHub/mod8-pon2/src/package/build/package/install.log --single-version-externally-managed
[1.991s] DEBUG:colcon.colcon_core.event_handler.log_command:Invoked command in '/home/hegel/Documents/GitHub/mod8-pon2/src/package' returned '0': DEBUGINFOD_URLS=https://debuginfod.ubuntu.com PYTHONPATH=/home/hegel/Documents/GitHub/mod8-pon2/src/package/build/package/prefix_override:/home/hegel/Documents/GitHub/mod8-pon2/src/package/install/package/lib/python3.10/site-packages:${PYTHONPATH} _=/usr/bin/env /usr/bin/python3 setup.py egg_info --egg-base build/package build --build-base /home/hegel/Documents/GitHub/mod8-pon2/src/package/build/package/build install --record /home/hegel/Documents/GitHub/mod8-pon2/src/package/build/package/install.log --single-version-externally-managed
[2.004s] Level 1:colcon.colcon_core.environment:checking '/home/hegel/Documents/GitHub/mod8-pon2/src/package/install/package' for CMake module files
[2.005s] Level 1:colcon.colcon_core.environment:checking '/home/hegel/Documents/GitHub/mod8-pon2/src/package/install/package' for CMake config files
[2.005s] Level 1:colcon.colcon_core.environment:checking '/home/hegel/Documents/GitHub/mod8-pon2/src/package/install/package/lib'
[2.005s] Level 1:colcon.colcon_core.environment:checking '/home/hegel/Documents/GitHub/mod8-pon2/src/package/install/package/bin'
[2.005s] Level 1:colcon.colcon_core.environment:checking '/home/hegel/Documents/GitHub/mod8-pon2/src/package/install/package/lib/pkgconfig/package.pc'
[2.006s] Level 1:colcon.colcon_core.environment:checking '/home/hegel/Documents/GitHub/mod8-pon2/src/package/install/package/lib/python3.10/site-packages'
[2.006s] Level 1:colcon.colcon_core.shell:create_environment_hook('package', 'pythonpath')
[2.017s] INFO:colcon.colcon_core.shell:Creating environment hook '/home/hegel/Documents/GitHub/mod8-pon2/src/package/install/package/share/package/hook/pythonpath.ps1'
[2.018s] INFO:colcon.colcon_core.shell:Creating environment descriptor '/home/hegel/Documents/GitHub/mod8-pon2/src/package/install/package/share/package/hook/pythonpath.dsv'
[2.019s] INFO:colcon.colcon_core.shell:Creating environment hook '/home/hegel/Documents/GitHub/mod8-pon2/src/package/install/package/share/package/hook/pythonpath.sh'
[2.019s] Level 1:colcon.colcon_core.environment:checking '/home/hegel/Documents/GitHub/mod8-pon2/src/package/install/package/bin'
[2.019s] Level 1:colcon.colcon_core.environment:create_environment_scripts_only(package)
[2.032s] INFO:colcon.colcon_core.shell:Creating package script '/home/hegel/Documents/GitHub/mod8-pon2/src/package/install/package/share/package/package.ps1'
[2.033s] INFO:colcon.colcon_core.shell:Creating package descriptor '/home/hegel/Documents/GitHub/mod8-pon2/src/package/install/package/share/package/package.dsv'
[2.033s] INFO:colcon.colcon_core.shell:Creating package script '/home/hegel/Documents/GitHub/mod8-pon2/src/package/install/package/share/package/package.sh'
[2.034s] INFO:colcon.colcon_core.shell:Creating package script '/home/hegel/Documents/GitHub/mod8-pon2/src/package/install/package/share/package/package.bash'
[2.034s] INFO:colcon.colcon_core.shell:Creating package script '/home/hegel/Documents/GitHub/mod8-pon2/src/package/install/package/share/package/package.zsh'
[2.035s] Level 1:colcon.colcon_core.environment:create_file_with_runtime_dependencies(/home/hegel/Documents/GitHub/mod8-pon2/src/package/install/package/share/colcon-core/packages/package)
[2.035s] DEBUG:colcon.colcon_parallel_executor.executor.parallel:closing loop
[2.035s] DEBUG:colcon.colcon_parallel_executor.executor.parallel:loop closed
[2.036s] DEBUG:colcon.colcon_parallel_executor.executor.parallel:run_until_complete finished with '0'
[2.036s] DEBUG:colcon.colcon_core.event_reactor:joining thread
[2.053s] INFO:colcon.colcon_core.plugin_system:Skipping extension 'colcon_notification.desktop_notification.terminal_notifier': Not used on non-Darwin systems
[2.053s] INFO:colcon.colcon_core.plugin_system:Skipping extension 'colcon_notification.desktop_notification.win32': Not used on non-Windows systems
[2.053s] INFO:colcon.colcon_notification.desktop_notification:Sending desktop notification using 'notify2'
[2.063s] DEBUG:colcon.colcon_core.event_reactor:joined thread
[2.076s] INFO:colcon.colcon_core.shell:Creating prefix script '/home/hegel/Documents/GitHub/mod8-pon2/src/package/install/local_setup.ps1'
[2.078s] INFO:colcon.colcon_core.shell:Creating prefix util module '/home/hegel/Documents/GitHub/mod8-pon2/src/package/install/_local_setup_util_ps1.py'
[2.079s] INFO:colcon.colcon_core.shell:Creating prefix chain script '/home/hegel/Documents/GitHub/mod8-pon2/src/package/install/setup.ps1'
[2.093s] INFO:colcon.colcon_core.shell:Creating prefix script '/home/hegel/Documents/GitHub/mod8-pon2/src/package/install/local_setup.sh'
[2.094s] INFO:colcon.colcon_core.shell:Creating prefix util module '/home/hegel/Documents/GitHub/mod8-pon2/src/package/install/_local_setup_util_sh.py'
[2.095s] INFO:colcon.colcon_core.shell:Creating prefix chain script '/home/hegel/Documents/GitHub/mod8-pon2/src/package/install/setup.sh'
[2.108s] INFO:colcon.colcon_core.shell:Creating prefix script '/home/hegel/Documents/GitHub/mod8-pon2/src/package/install/local_setup.bash'
[2.109s] INFO:colcon.colcon_core.shell:Creating prefix chain script '/home/hegel/Documents/GitHub/mod8-pon2/src/package/install/setup.bash'
[2.122s] INFO:colcon.colcon_core.shell:Creating prefix script '/home/hegel/Documents/GitHub/mod8-pon2/src/package/install/local_setup.zsh'
[2.123s] INFO:colcon.colcon_core.shell:Creating prefix chain script '/home/hegel/Documents/GitHub/mod8-pon2/src/package/install/setup.zsh'
