[0.061s] Invoking command in '/home/hegel/Documents/GitHub/mod8-pon2/build/turtlebot3_nav_package': CMAKE_PREFIX_PATH=${CMAKE_PREFIX_PATH}:/opt/ros/humble DEBUGINFOD_URLS=https://debuginfod.ubuntu.com _=/usr/bin/env /usr/bin/cmake /home/hegel/Documents/GitHub/mod8-pon2 -DAMENT_CMAKE_SYMLINK_INSTALL=1 -DCMAKE_INSTALL_PREFIX=/home/hegel/Documents/GitHub/mod8-pon2/install/turtlebot3_nav_package
[0.069s] -- Found ament_cmake: 1.3.5 (/opt/ros/humble/share/ament_cmake/cmake)
[0.160s] -- Override CMake install command with custom implementation using symlinks instead of copying resources
[0.165s] -- Found rclcpp: 16.0.6 (/opt/ros/humble/share/rclcpp/cmake)
[0.185s] -- Found rosidl_generator_c: 3.1.5 (/opt/ros/humble/share/rosidl_generator_c/cmake)
[0.187s] -- Found rosidl_adapter: 3.1.5 (/opt/ros/humble/share/rosidl_adapter/cmake)
[0.192s] -- Found rosidl_generator_cpp: 3.1.5 (/opt/ros/humble/share/rosidl_generator_cpp/cmake)
[0.200s] -- Using all available rosidl_typesupport_c: rosidl_typesupport_fastrtps_c;rosidl_typesupport_introspection_c
[0.212s] -- Using all available rosidl_typesupport_cpp: rosidl_typesupport_fastrtps_cpp;rosidl_typesupport_introspection_cpp
[0.256s] -- Found rmw_implementation_cmake: 6.1.1 (/opt/ros/humble/share/rmw_implementation_cmake/cmake)
[0.257s] -- Found rmw_cyclonedds_cpp: 1.3.4 (/opt/ros/humble/share/rmw_cyclonedds_cpp/cmake)
[0.278s] -- Using RMW implementation 'rmw_cyclonedds_cpp' as default
[0.403s] -- Found rclpy: 3.3.10 (/opt/ros/humble/share/rclpy/cmake)
[0.403s] -- Found nav2_bringup: 1.1.12 (/opt/ros/humble/share/nav2_bringup/cmake)
[0.403s] -- Found nav2_core: 1.1.12 (/opt/ros/humble/share/nav2_core/cmake)
[1.174s] -- Ensuring Eigen3 include directory is part of orocos-kdl CMake target
[2.558s] -- Found nav2_common: 1.1.12 (/opt/ros/humble/share/nav2_common/cmake)
[2.558s] -- Found nav2_planner: 1.1.12 (/opt/ros/humble/share/nav2_planner/cmake)
[4.453s] [31mCMake Error at CMakeLists.txt:12 (find_package):
[4.453s]   By not providing "Findnav2_recoveries.cmake" in CMAKE_MODULE_PATH this
[4.453s]   project has asked CMake to find a package configuration file provided by
[4.453s]   "nav2_recoveries", but CMake did not find one.
[4.453s] 
[4.453s]   Could not find a package configuration file provided by "nav2_recoveries"
[4.453s]   with any of the following names:
[4.454s] 
[4.454s]     nav2_recoveriesConfig.cmake
[4.454s]     nav2_recoveries-config.cmake
[4.454s] 
[4.454s]   Add the installation prefix of "nav2_recoveries" to CMAKE_PREFIX_PATH or
[4.454s]   set "nav2_recoveries_DIR" to a directory containing one of the above files.
[4.454s]   If "nav2_recoveries" provides a separate development package or SDK, be
[4.454s]   sure it has been installed.
[4.454s] 
[4.454s] [0m
[4.454s] -- Configuring incomplete, errors occurred!
[4.454s] See also "/home/hegel/Documents/GitHub/mod8-pon2/build/turtlebot3_nav_package/CMakeFiles/CMakeOutput.log".
[4.459s] Invoked command in '/home/hegel/Documents/GitHub/mod8-pon2/build/turtlebot3_nav_package' returned '1': CMAKE_PREFIX_PATH=${CMAKE_PREFIX_PATH}:/opt/ros/humble DEBUGINFOD_URLS=https://debuginfod.ubuntu.com _=/usr/bin/env /usr/bin/cmake /home/hegel/Documents/GitHub/mod8-pon2 -DAMENT_CMAKE_SYMLINK_INSTALL=1 -DCMAKE_INSTALL_PREFIX=/home/hegel/Documents/GitHub/mod8-pon2/install/turtlebot3_nav_package
