[0.749s] DEBUG:colcon:Command line arguments: ['/usr/bin/colcon', 'build']
[0.749s] DEBUG:colcon:Parsed command line arguments: Namespace(log_base=None, log_level=None, verb_name='build', build_base='build', install_base='install', merge_install=False, symlink_install=False, test_result_base=None, continue_on_error=False, executor='parallel', parallel_workers=12, event_handlers=None, ignore_user_meta=False, metas=['./colcon.meta'], base_paths=['.'], packages_ignore=None, packages_ignore_regex=None, paths=None, packages_up_to=None, packages_up_to_regex=None, packages_above=None, packages_above_and_dependencies=None, packages_above_depth=None, packages_select_by_dep=None, packages_skip_by_dep=None, packages_skip_up_to=None, packages_select_build_failed=False, packages_skip_build_finished=False, packages_select_test_failures=False, packages_skip_test_passed=False, packages_select=None, packages_skip=None, packages_select_regex=None, packages_skip_regex=None, packages_start=None, packages_end=None, allow_overriding=[], cmake_args=None, cmake_target=None, cmake_target_skip_unavailable=False, cmake_clean_cache=False, cmake_clean_first=False, cmake_force_configure=False, ament_cmake_args=None, catkin_cmake_args=None, catkin_skip_building_tests=False, verb_parser=<colcon_defaults.argument_parser.defaults.DefaultArgumentsDecorator object at 0x7f43b034b730>, verb_extension=<colcon_core.verb.build.BuildVerb object at 0x7f43b0524130>, main=<bound method BuildVerb.main of <colcon_core.verb.build.BuildVerb object at 0x7f43b0524130>>)
[0.784s] Level 1:colcon.colcon_core.package_discovery:discover_packages(colcon_meta) check parameters
[0.785s] Level 1:colcon.colcon_core.package_discovery:discover_packages(recursive) check parameters
[0.785s] Level 1:colcon.colcon_core.package_discovery:discover_packages(ignore) check parameters
[0.785s] Level 1:colcon.colcon_core.package_discovery:discover_packages(path) check parameters
[0.785s] Level 1:colcon.colcon_core.package_discovery:discover_packages(colcon_meta) discover
[0.785s] Level 1:colcon.colcon_core.package_discovery:discover_packages(recursive) discover
[0.785s] INFO:colcon.colcon_core.package_discovery:Crawling recursively for packages in '/home/hegel/Documents/GitHub/mod8-pon2/src/package'
[0.785s] Level 1:colcon.colcon_core.package_identification:_identify(.) by extensions ['ignore', 'ignore_ament_install']
[0.785s] Level 1:colcon.colcon_core.package_identification:_identify(.) by extension 'ignore'
[0.785s] Level 1:colcon.colcon_core.package_identification:_identify(.) by extension 'ignore_ament_install'
[0.785s] Level 1:colcon.colcon_core.package_identification:_identify(.) by extensions ['colcon_pkg']
[0.785s] Level 1:colcon.colcon_core.package_identification:_identify(.) by extension 'colcon_pkg'
[0.785s] Level 1:colcon.colcon_core.package_identification:_identify(.) by extensions ['colcon_meta']
[0.785s] Level 1:colcon.colcon_core.package_identification:_identify(.) by extension 'colcon_meta'
[0.785s] Level 1:colcon.colcon_core.package_identification:_identify(.) by extensions ['ros']
[0.785s] Level 1:colcon.colcon_core.package_identification:_identify(.) by extension 'ros'
[0.794s] DEBUG:colcon.colcon_core.package_identification:Package '.' with type 'ros.ament_python' and name 'package'
[0.794s] Level 1:colcon.colcon_core.package_discovery:discover_packages(recursive) using defaults
[0.794s] Level 1:colcon.colcon_core.package_discovery:discover_packages(ignore) discover
[0.794s] Level 1:colcon.colcon_core.package_discovery:discover_packages(ignore) using defaults
[0.794s] Level 1:colcon.colcon_core.package_discovery:discover_packages(path) discover
[0.794s] Level 1:colcon.colcon_core.package_discovery:discover_packages(path) using defaults
[0.865s] Level 1:colcon.colcon_core.package_discovery:discover_packages(prefix_path) check parameters
[0.865s] Level 1:colcon.colcon_core.package_discovery:discover_packages(prefix_path) discover
[0.890s] DEBUG:colcon.colcon_installed_package_information.package_discovery:Found 2 installed packages in /home/hegel/Documents/GitHub/mod8-pon2/install
[0.901s] DEBUG:colcon.colcon_installed_package_information.package_discovery:Found 1 installed packages in /home/hegel/turtlebot3_ws/install
[0.913s] DEBUG:colcon.colcon_installed_package_information.package_discovery:Found 380 installed packages in /opt/ros/humble
[0.914s] Level 1:colcon.colcon_core.package_discovery:discover_packages(prefix_path) using defaults
[0.998s] Level 5:colcon.colcon_core.verb:set package 'package' build argument 'cmake_args' from command line to 'None'
[0.998s] Level 5:colcon.colcon_core.verb:set package 'package' build argument 'cmake_target' from command line to 'None'
[0.998s] Level 5:colcon.colcon_core.verb:set package 'package' build argument 'cmake_target_skip_unavailable' from command line to 'False'
[0.998s] Level 5:colcon.colcon_core.verb:set package 'package' build argument 'cmake_clean_cache' from command line to 'False'
[0.998s] Level 5:colcon.colcon_core.verb:set package 'package' build argument 'cmake_clean_first' from command line to 'False'
[0.998s] Level 5:colcon.colcon_core.verb:set package 'package' build argument 'cmake_force_configure' from command line to 'False'
[0.998s] Level 5:colcon.colcon_core.verb:set package 'package' build argument 'ament_cmake_args' from command line to 'None'
[0.998s] Level 5:colcon.colcon_core.verb:set package 'package' build argument 'catkin_cmake_args' from command line to 'None'
[0.998s] Level 5:colcon.colcon_core.verb:set package 'package' build argument 'catkin_skip_building_tests' from command line to 'False'
[0.998s] DEBUG:colcon.colcon_core.verb:Building package 'package' with the following arguments: {'ament_cmake_args': None, 'build_base': '/home/hegel/Documents/GitHub/mod8-pon2/src/package/build/package', 'catkin_cmake_args': None, 'catkin_skip_building_tests': False, 'cmake_args': None, 'cmake_clean_cache': False, 'cmake_clean_first': False, 'cmake_force_configure': False, 'cmake_target': None, 'cmake_target_skip_unavailable': False, 'install_base': '/home/hegel/Documents/GitHub/mod8-pon2/src/package/install/package', 'merge_install': False, 'path': '/home/hegel/Documents/GitHub/mod8-pon2/src/package', 'symlink_install': False, 'test_result_base': None}
[1.009s] INFO:colcon.colcon_core.executor:Executing jobs using 'parallel' executor
[1.021s] DEBUG:colcon.colcon_parallel_executor.executor.parallel:run_until_complete
[1.021s] INFO:colcon.colcon_ros.task.ament_python.build:Building ROS package in '/home/hegel/Documents/GitHub/mod8-pon2/src/package' with build type 'ament_python'
[1.021s] Level 1:colcon.colcon_core.shell:create_environment_hook('package', 'ament_prefix_path')
[1.034s] INFO:colcon.colcon_core.plugin_system:Skipping extension 'colcon_core.shell.bat': Not used on non-Windows systems
[1.034s] INFO:colcon.colcon_core.shell:Creating environment hook '/home/hegel/Documents/GitHub/mod8-pon2/src/package/install/package/share/package/hook/ament_prefix_path.ps1'
[1.035s] INFO:colcon.colcon_core.shell:Creating environment descriptor '/home/hegel/Documents/GitHub/mod8-pon2/src/package/install/package/share/package/hook/ament_prefix_path.dsv'
[1.035s] INFO:colcon.colcon_core.shell:Creating environment hook '/home/hegel/Documents/GitHub/mod8-pon2/src/package/install/package/share/package/hook/ament_prefix_path.sh'
[1.047s] INFO:colcon.colcon_core.shell:Skip shell extension 'powershell' for command environment: Not usable outside of PowerShell
[1.047s] DEBUG:colcon.colcon_core.shell:Skip shell extension 'dsv' for command environment
[1.273s] INFO:colcon.colcon_core.task.python.build:Building Python package in '/home/hegel/Documents/GitHub/mod8-pon2/src/package'
[1.284s] INFO:colcon.colcon_core.shell:Skip shell extension 'powershell' for command environment: Not usable outside of PowerShell
[1.284s] DEBUG:colcon.colcon_core.shell:Skip shell extension 'dsv' for command environment
[1.576s] DEBUG:colcon.colcon_core.event_handler.log_command:Invoking command in '/home/hegel/Documents/GitHub/mod8-pon2/src/package': DEBUGINFOD_URLS=https://debuginfod.ubuntu.com PYTHONPATH=/home/hegel/Documents/GitHub/mod8-pon2/src/package/build/package/prefix_override:/home/hegel/Documents/GitHub/mod8-pon2/src/package/install/package/lib/python3.10/site-packages:${PYTHONPATH} _=/usr/bin/env /usr/bin/python3 setup.py egg_info --egg-base build/package build --build-base /home/hegel/Documents/GitHub/mod8-pon2/src/package/build/package/build install --record /home/hegel/Documents/GitHub/mod8-pon2/src/package/build/package/install.log --single-version-externally-managed
[1.776s] DEBUG:colcon.colcon_core.event_handler.log_command:Invoked command in '/home/hegel/Documents/GitHub/mod8-pon2/src/package' returned '0': DEBUGINFOD_URLS=https://debuginfod.ubuntu.com PYTHONPATH=/home/hegel/Documents/GitHub/mod8-pon2/src/package/build/package/prefix_override:/home/hegel/Documents/GitHub/mod8-pon2/src/package/install/package/lib/python3.10/site-packages:${PYTHONPATH} _=/usr/bin/env /usr/bin/python3 setup.py egg_info --egg-base build/package build --build-base /home/hegel/Documents/GitHub/mod8-pon2/src/package/build/package/build install --record /home/hegel/Documents/GitHub/mod8-pon2/src/package/build/package/install.log --single-version-externally-managed
[1.789s] Level 1:colcon.colcon_core.environment:checking '/home/hegel/Documents/GitHub/mod8-pon2/src/package/install/package' for CMake module files
[1.790s] Level 1:colcon.colcon_core.environment:checking '/home/hegel/Documents/GitHub/mod8-pon2/src/package/install/package' for CMake config files
[1.790s] Level 1:colcon.colcon_core.environment:checking '/home/hegel/Documents/GitHub/mod8-pon2/src/package/install/package/lib'
[1.790s] Level 1:colcon.colcon_core.environment:checking '/home/hegel/Documents/GitHub/mod8-pon2/src/package/install/package/bin'
[1.790s] Level 1:colcon.colcon_core.environment:checking '/home/hegel/Documents/GitHub/mod8-pon2/src/package/install/package/lib/pkgconfig/package.pc'
[1.790s] Level 1:colcon.colcon_core.environment:checking '/home/hegel/Documents/GitHub/mod8-pon2/src/package/install/package/lib/python3.10/site-packages'
[1.791s] Level 1:colcon.colcon_core.shell:create_environment_hook('package', 'pythonpath')
[1.802s] INFO:colcon.colcon_core.shell:Creating environment hook '/home/hegel/Documents/GitHub/mod8-pon2/src/package/install/package/share/package/hook/pythonpath.ps1'
[1.802s] INFO:colcon.colcon_core.shell:Creating environment descriptor '/home/hegel/Documents/GitHub/mod8-pon2/src/package/install/package/share/package/hook/pythonpath.dsv'
[1.802s] INFO:colcon.colcon_core.shell:Creating environment hook '/home/hegel/Documents/GitHub/mod8-pon2/src/package/install/package/share/package/hook/pythonpath.sh'
[1.802s] Level 1:colcon.colcon_core.environment:checking '/home/hegel/Documents/GitHub/mod8-pon2/src/package/install/package/bin'
[1.803s] Level 1:colcon.colcon_core.environment:create_environment_scripts_only(package)
[1.814s] INFO:colcon.colcon_core.shell:Creating package script '/home/hegel/Documents/GitHub/mod8-pon2/src/package/install/package/share/package/package.ps1'
[1.814s] INFO:colcon.colcon_core.shell:Creating package descriptor '/home/hegel/Documents/GitHub/mod8-pon2/src/package/install/package/share/package/package.dsv'
[1.815s] INFO:colcon.colcon_core.shell:Creating package script '/home/hegel/Documents/GitHub/mod8-pon2/src/package/install/package/share/package/package.sh'
[1.815s] INFO:colcon.colcon_core.shell:Creating package script '/home/hegel/Documents/GitHub/mod8-pon2/src/package/install/package/share/package/package.bash'
[1.816s] INFO:colcon.colcon_core.shell:Creating package script '/home/hegel/Documents/GitHub/mod8-pon2/src/package/install/package/share/package/package.zsh'
[1.816s] Level 1:colcon.colcon_core.environment:create_file_with_runtime_dependencies(/home/hegel/Documents/GitHub/mod8-pon2/src/package/install/package/share/colcon-core/packages/package)
[1.816s] DEBUG:colcon.colcon_parallel_executor.executor.parallel:closing loop
[1.816s] DEBUG:colcon.colcon_parallel_executor.executor.parallel:loop closed
[1.816s] DEBUG:colcon.colcon_parallel_executor.executor.parallel:run_until_complete finished with '0'
[1.816s] DEBUG:colcon.colcon_core.event_reactor:joining thread
[1.832s] INFO:colcon.colcon_core.plugin_system:Skipping extension 'colcon_notification.desktop_notification.terminal_notifier': Not used on non-Darwin systems
[1.832s] INFO:colcon.colcon_core.plugin_system:Skipping extension 'colcon_notification.desktop_notification.win32': Not used on non-Windows systems
[1.832s] INFO:colcon.colcon_notification.desktop_notification:Sending desktop notification using 'notify2'
[1.840s] DEBUG:colcon.colcon_core.event_reactor:joined thread
[1.852s] INFO:colcon.colcon_core.shell:Creating prefix script '/home/hegel/Documents/GitHub/mod8-pon2/src/package/install/local_setup.ps1'
[1.852s] INFO:colcon.colcon_core.shell:Creating prefix util module '/home/hegel/Documents/GitHub/mod8-pon2/src/package/install/_local_setup_util_ps1.py'
[1.853s] INFO:colcon.colcon_core.shell:Creating prefix chain script '/home/hegel/Documents/GitHub/mod8-pon2/src/package/install/setup.ps1'
[1.865s] INFO:colcon.colcon_core.shell:Creating prefix script '/home/hegel/Documents/GitHub/mod8-pon2/src/package/install/local_setup.sh'
[1.866s] INFO:colcon.colcon_core.shell:Creating prefix util module '/home/hegel/Documents/GitHub/mod8-pon2/src/package/install/_local_setup_util_sh.py'
[1.866s] INFO:colcon.colcon_core.shell:Creating prefix chain script '/home/hegel/Documents/GitHub/mod8-pon2/src/package/install/setup.sh'
[1.878s] INFO:colcon.colcon_core.shell:Creating prefix script '/home/hegel/Documents/GitHub/mod8-pon2/src/package/install/local_setup.bash'
[1.878s] INFO:colcon.colcon_core.shell:Creating prefix chain script '/home/hegel/Documents/GitHub/mod8-pon2/src/package/install/setup.bash'
[1.891s] INFO:colcon.colcon_core.shell:Creating prefix script '/home/hegel/Documents/GitHub/mod8-pon2/src/package/install/local_setup.zsh'
[1.891s] INFO:colcon.colcon_core.shell:Creating prefix chain script '/home/hegel/Documents/GitHub/mod8-pon2/src/package/install/setup.zsh'
